<?xml version="1.0" encoding="UTF-8" ?>
<testsuite errors="0" failures="0" hostname="Gayatris-MacBook-Pro.local" name="org.gjt.sp.util.HtmlUtilitiesTest" skipped="0" tests="11" time="1.3" timestamp="2022-03-19T00:43:06">
  <properties>
    <property name="sun.boot.library.path.ivy.instance" value="/Library/Java/JavaVirtualMachines/jdk-11.0.13.jdk/Contents/Home/lib" />
    <property name="java.specification.version" value="11" />
    <property name="java.specification.version.ivy.instance" value="11" />
    <property name="sun.cpu.endian.ivy.instance" value="little" />
    <property name="sun.cpu.isalist" value="" />
    <property name="config.lib.dir" value="lib" />
    <property name="gopherProxySet.ivy.instance" value="false" />
    <property name="manual.filename.prefix" value="jedit5.6.0manual-" />
    <property name="sun.arch.data.model" value="64" />
    <property name="ivy.home" value="/Users/gayatrisapra/.ivy2" />
    <property name="java.vendor.url" value="https://openjdk.java.net/" />
    <property name="java.version.ivy.instance" value="11.0.13" />
    <property name="ivy.default.conf.dir.ivy.instance" value="jar:file:/usr/local/Cellar/ant/1.10.12/libexec/lib/ivy-2.5.0.jar!/org/apache/ivy/core/settings" />
    <property name="ivy.conf.dir" value="/Users/gayatrisapra/Desktop/team3/jedit-5-6-0/build" />
    <property name="sun.boot.library.path" value="/Library/Java/JavaVirtualMachines/jdk-11.0.13.jdk/Contents/Home/lib" />
    <property name="sun.java.command" value="org.apache.tools.ant.taskdefs.optional.junit.JUnitTestRunner testsfile=/Users/gayatrisapra/Desktop/team3/jedit-5-6-0/junittestcases3143930487037793608.properties skipNonTests=false filtertrace=true haltOnError=false haltOnFailure=false formatter=org.apache.tools.ant.taskdefs.optional.junit.SummaryJUnitResultFormatter showoutput=true outputtoformatters=true logfailedtests=true threadid=0 logtestlistenerevents=true formatter=org.apache.tools.ant.taskdefs.optional.junit.XMLJUnitResultFormatter,/Users/gayatrisapra/Desktop/team3/jedit-5-6-0/build/test/raw-reports/IGNORETHIS.xml crashfile=/Users/gayatrisapra/Desktop/team3/jedit-5-6-0/junitvmwatcher9841204245227749325.properties propsfile=/Users/gayatrisapra/Desktop/team3/jedit-5-6-0/junit11512189199599444345.properties" />
    <property name="os.version.ivy.instance" value="11.1" />
    <property name="ivy.retrieve.pattern.ivy.instance" value="/Users/gayatrisapra/Desktop/team3/jedit-5-6-0/lib/[artifact]-[revision](-[classifier]).[ext]" />
    <property name="sun.jnu.encoding.ivy.instance" value="UTF-8" />
    <property name="user.dir.ivy.instance" value="/Users/gayatrisapra/Desktop/team3/jedit-5-6-0" />
    <property name="jdk.debug" value="release" />
    <property name="ivy.revision" value="working@Gayatris-MacBook-Pro.local" />
    <property name="java.vendor.version.ivy.instance" value="18.9" />
    <property name="java.specification.vendor" value="Oracle Corporation" />
    <property name="file.separator.ivy.instance" value="/" />
    <property name="java.vm.version.ivy.instance" value="11.0.13+10-LTS-370" />
    <property name="java.version.date" value="2021-10-19" />
    <property name="java.home" value="/Library/Java/JavaVirtualMachines/jdk-11.0.13.jdk/Contents/Home" />
    <property name="basedir" value="/Users/gayatrisapra/Desktop/team3/jedit-5-6-0" />
    <property name="ivy.jar.file" value="/Users/gayatrisapra/Desktop/team3/jedit-5-6-0/lib/ivy/ivy-2.2.0.jar" />
    <property name="java.vm.specification.vendor" value="Oracle Corporation" />
    <property name="java.specification.name" value="Java Platform API Specification" />
    <property name="user.timezone.ivy.instance" value="America/Chicago" />
    <property name="ivy.conf.file" value="/Users/gayatrisapra/Desktop/team3/jedit-5-6-0/build/ivysettings.xml" />
    <property name="ivy.resolve.default.type.filter.ivy.instance" value="*" />
    <property name="ivy.basedir.ivy.instance" value="/Users/gayatrisapra/Desktop/team3/jedit-5-6-0" />
    <property name="ivy.default.ivy.user.dir" value="/Users/gayatrisapra/.ivy2" />
    <property name="ivy.lib.dir.ivy.instance" value="/Users/gayatrisapra/Desktop/team3/jedit-5-6-0/lib" />
    <property name="ivy.cache.dir" value="/Users/gayatrisapra/.ivy2/cache" />
    <property name="sun.management.compiler" value="HotSpot 64-Bit Tiered Compilers" />
    <property name="java.runtime.version" value="11.0.13+10-LTS-370" />
    <property name="init.done" value="true" />
    <property name="java.runtime.name.ivy.instance" value="Java(TM) SE Runtime Environment" />
    <property name="socksNonProxyHosts.ivy.instance" value="local|*.local|169.254/16|*.169.254/16" />
    <property name="sun.io.unicode.encoding.ivy.instance" value="UnicodeBig" />
    <property name="polyglot.js.nashorn-compat" value="true" />
    <property name="basedir.ivy.instance" value="/Users/gayatrisapra/Desktop/team3/jedit-5-6-0" />
    <property name="file.encoding" value="UTF-8" />
    <property name="ivy.dep.file" value="ivy.xml" />
    <property name="os.name.ivy.instance" value="Mac OS X" />
    <property name="user.language.ivy.instance" value="en" />
    <property name="ivy.settings.file" value="ivysettings.xml" />
    <property name="config.build.compilerarg" value="-Xlint:unchecked -Xlint:finally -Xlint:fallthrough -Xmaxwarns 1000" />
    <property name="java.vendor.version" value="18.9" />
    <property name="java.vm.specification.version.ivy.instance" value="11" />
    <property name="ivy.local.default.ivy.pattern" value="[organisation]/[module]/[revision]/[type]s/[artifact].[ext]" />
    <property name="line.separator.ivy.instance" value="&#xa;" />
    <property name="java.vendor.url.ivy.instance" value="https://openjdk.java.net/" />
    <property name="java.io.tmpdir" value="/var/folders/0d/gxzrhr0j48jbkf1p18bk2rb00000gn/T/" />
    <property name="java.version" value="11.0.13" />
    <property name="ivy.resolved.file" value="/Users/gayatrisapra/Desktop/team3/jedit-5-6-0/ivy.xml" />
    <property name="java.vm.specification.name.ivy.instance" value="Java Virtual Machine Specification" />
    <property name="ivy.settings.dir.ivy.instance" value="/Users/gayatrisapra/Desktop/team3/jedit-5-6-0/build" />
    <property name="java.vm.specification.name" value="Java Virtual Machine Specification" />
    <property name="java.awt.printerjob" value="sun.lwawt.macosx.CPrinterJob" />
    <property name="sun.cpu.isalist.ivy.instance" value="" />
    <property name="lib.dir" value="/Users/gayatrisapra/Desktop/team3/jedit-5-6-0/lib" />
    <property name="file.encoding.ivy.instance" value="UTF-8" />
    <property name="ivy.deliver.ivy.pattern" value="/Users/gayatrisapra/Desktop/team3/jedit-5-6-0/distrib/[type]s/[artifact]-[revision](-[classifier]).[ext]" />
    <property name="ivy.status" value="integration" />
    <property name="java.library.path" value="/Users/gayatrisapra/Library/Java/Extensions:/Library/Java/Extensions:/Network/Library/Java/Extensions:/System/Library/Java/Extensions:/usr/lib/java:." />
    <property name="ant.file.jedit" value="/Users/gayatrisapra/Desktop/team3/jedit-5-6-0/build.xml" />
    <property name="java.vendor" value="Oracle Corporation" />
    <property name="ivy.jar.present" value="true" />
    <property name="sun.io.unicode.encoding" value="UnicodeBig" />
    <property name="sun.arch.data.model.ivy.instance" value="64" />
    <property name="ivy.default.ivy.user.dir.ivy.instance" value="/Users/gayatrisapra/.ivy2" />
    <property name="textAreaPackage" value="/Users/gayatrisapra/Desktop/team3/textarea" />
    <property name="ant.file.type" value="file" />
    <property name="ivy.parents.count" value="0" />
    <property name="ivy.configurations.ivy.instance" value="*" />
    <property name="java.io.tmpdir.ivy.instance" value="/var/folders/0d/gxzrhr0j48jbkf1p18bk2rb00000gn/T/" />
    <property name="java.version.date.ivy.instance" value="2021-10-19" />
    <property name="ivy.default.settings.dir.ivy.instance" value="jar:file:/usr/local/Cellar/ant/1.10.12/libexec/lib/ivy-2.5.0.jar!/org/apache/ivy/core/settings" />
    <property name="ivy.shared.default.ivy.pattern" value="[organisation]/[module]/[revision]/[type]s/[artifact].[ext]" />
    <property name="ivy.shared.default.root" value="/Users/gayatrisapra/.ivy2/shared" />
    <property name="ivy.shared.default.ivy.pattern.ivy.instance" value="[organisation]/[module]/[revision]/[type]s/[artifact].[ext]" />
    <property name="user.timezone" value="" />
    <property name="ivy.jar.dir" value="/Users/gayatrisapra/Desktop/team3/jedit-5-6-0/lib/ivy" />
    <property name="java.vm.specification.version" value="11" />
    <property name="os.name" value="Mac OS X" />
    <property name="ivy.deps.changed" value="true" />
    <property name="config.build.nowarn" value="false" />
    <property name="target.java.version" value="11" />
    <property name="ivy.lib.dir" value="/Users/gayatrisapra/Desktop/team3/jedit-5-6-0/lib" />
    <property name="http.nonProxyHosts" value="local|*.local|169.254/16|*.169.254/16" />
    <property name="user.home" value="/Users/gayatrisapra" />
    <property name="ant.file.type.jedit" value="file" />
    <property name="win.filename" value="jedit5.6.0install" />
    <property name="jar.location" value="/Users/gayatrisapra/Desktop/team3/jedit-5-6-0/build" />
    <property name="sun.java.command.ivy.instance" value="org.apache.tools.ant.launch.Launcher -cp  -lib /usr/local/share/ant retrieve build run" />
    <property name="java.class.path.ivy.instance" value="/usr/local/Cellar/ant/1.10.12/libexec/lib/ant-launcher.jar:/usr/local/share/ant:/usr/local/Cellar/ant/1.10.12/libexec/lib/bcel-6.5.0.jar:/usr/local/Cellar/ant/1.10.12/libexec/lib/ant-commons-net.jar:/usr/local/Cellar/ant/1.10.12/libexec/lib/ant-xz.jar:/usr/local/Cellar/ant/1.10.12/libexec/lib/ant-junit4.jar:/usr/local/Cellar/ant/1.10.12/libexec/lib/ant-jai.jar:/usr/local/Cellar/ant/1.10.12/libexec/lib/ant-apache-resolver.jar:/usr/local/Cellar/ant/1.10.12/libexec/lib/ant-jdepend.jar:/usr/local/Cellar/ant/1.10.12/libexec/lib/ant-apache-regexp.jar:/usr/local/Cellar/ant/1.10.12/libexec/lib/ant-apache-log4j.jar:/usr/local/Cellar/ant/1.10.12/libexec/lib/ant-javamail.jar:/usr/local/Cellar/ant/1.10.12/libexec/lib/ant-apache-bcel.jar:/usr/local/Cellar/ant/1.10.12/libexec/lib/ant.jar:/usr/local/Cellar/ant/1.10.12/libexec/lib/ant-netrexx.jar:/usr/local/Cellar/ant/1.10.12/libexec/lib/ant-swing.jar:/usr/local/Cellar/ant/1.10.12/libexec/lib/ant-jsch.jar:/usr/local/Cellar/ant/1.10.12/libexec/lib/ant-junitlauncher.jar:/usr/local/Cellar/ant/1.10.12/libexec/lib/ivy-2.5.0.jar:/usr/local/Cellar/ant/1.10.12/libexec/lib/ant-junit.jar:/usr/local/Cellar/ant/1.10.12/libexec/lib/ant-imageio.jar:/usr/local/Cellar/ant/1.10.12/libexec/lib/ant-launcher.jar:/usr/local/Cellar/ant/1.10.12/libexec/lib/ant-antlr.jar:/usr/local/Cellar/ant/1.10.12/libexec/lib/ant-testutil.jar:/usr/local/Cellar/ant/1.10.12/libexec/lib/ant-apache-oro.jar:/usr/local/Cellar/ant/1.10.12/libexec/lib/ant-jmf.jar:/usr/local/Cellar/ant/1.10.12/libexec/lib/ant-apache-xalan2.jar:/usr/local/Cellar/ant/1.10.12/libexec/lib/ant-apache-bsf.jar:/usr/local/Cellar/ant/1.10.12/libexec/lib/ant-commons-logging.jar" />
    <property name="ivy.publish.src.artifacts.pattern.ivy.instance" value="/Users/gayatrisapra/Desktop/team3/jedit-5-6-0/distrib/[type]s/[artifact]-[revision](-[classifier]).[ext]" />
    <property name="ivy.checksums" value="sha1,md5" />
    <property name="java.awt.graphicsenv" value="sun.awt.CGraphicsEnvironment" />
    <property name="ivy.default.settings.dir" value="jar:file:/usr/local/Cellar/ant/1.10.12/libexec/lib/ivy-2.5.0.jar!/org/apache/ivy/core/settings" />
    <property name="ivy.version" value="2.5.0" />
    <property name="java.vm.info.ivy.instance" value="mixed mode" />
    <property name="ivy.distrib.dir" value="/Users/gayatrisapra/Desktop/team3/jedit-5-6-0/distrib" />
    <property name="ant.library.dir.ivy.instance" value="/usr/local/Cellar/ant/1.10.12/libexec/lib" />
    <property name="ivy.settings.url.ivy.instance" value="file:/Users/gayatrisapra/Desktop/team3/jedit-5-6-0/build/ivysettings.xml" />
    <property name="ivy.project.dir" value="/Users/gayatrisapra/Desktop/team3/jedit-5-6-0" />
    <property name="ant.file" value="/Users/gayatrisapra/Desktop/team3/jedit-5-6-0/build.xml" />
    <property name="awt.toolkit.ivy.instance" value="sun.lwawt.macosx.LWCToolkit" />
    <property name="path.separator" value=":" />
    <property name="os.version" value="11.1" />
    <property name="ftp.nonProxyHosts.ivy.instance" value="local|*.local|169.254/16|*.169.254/16" />
    <property name="ivy.default.always.check.exact.revision.ivy.instance" value="false" />
    <property name="java.vm.name" value="Java HotSpot(TM) 64-Bit Server VM" />
    <property name="ivy.buildlist.ivyfilepath" value="ivy.xml" />
    <property name="os.arch" value="x86_64" />
    <property name="ivy.settings.dir.url.ivy.instance" value="jar:file:/usr/local/Cellar/ant/1.10.12/libexec/lib/ivy-2.5.0.jar!/org/apache/ivy/core/settings" />
    <property name="config.build.debuglevel" value="lines,vars,source" />
    <property name="ivy.shared.default.root.ivy.instance" value="/Users/gayatrisapra/.ivy2/shared" />
    <property name="ivy.deliver.ivy.pattern.ivy.instance" value="/Users/gayatrisapra/Desktop/team3/jedit-5-6-0/distrib/[type]s/[artifact]-[revision](-[classifier]).[ext]" />
    <property name="java.vm.info" value="mixed mode" />
    <property name="ivy.conf.dir.ivy.instance" value="/Users/gayatrisapra/Desktop/team3/jedit-5-6-0/build" />
    <property name="user.country.ivy.instance" value="US" />
    <property name="java.class.version" value="55.0" />
    <property name="ivy.jar.filename" value="ivy-2.2.0.jar" />
    <property name="ant.project.default-target" value="build" />
    <property name="awt.toolkit" value="sun.lwawt.macosx.LWCToolkit" />
    <property name="ant.library.dir" value="/usr/local/Cellar/ant/1.10.12/libexec/lib" />
    <property name="ivy.cache.dir.ivy.instance" value="/Users/gayatrisapra/.ivy2/cache" />
    <property name="ant.project.name" value="jedit" />
    <property name="jdk.debug.ivy.instance" value="release" />
    <property name="sun.jnu.encoding" value="UTF-8" />
    <property name="java.specification.name.ivy.instance" value="Java Platform API Specification" />
    <property name="jar.filename" value="jedit.jar" />
    <property name="ivy.settings.file.ivy.instance" value="/Users/gayatrisapra/Desktop/team3/jedit-5-6-0/build/ivysettings.xml" />
    <property name="ivy.default.conf.dir" value="jar:file:/usr/local/Cellar/ant/1.10.12/libexec/lib/ivy-2.5.0.jar!/org/apache/ivy/core/settings" />
    <property name="java.runtime.version.ivy.instance" value="11.0.13+10-LTS-370" />
    <property name="java.vm.specification.vendor.ivy.instance" value="Oracle Corporation" />
    <property name="ivy.local.default.artifact.pattern.ivy.instance" value="[organisation]/[module]/[revision]/[type]s/[artifact].[ext]" />
    <property name="ivy.build.artifacts.dir.ivy.instance" value="/Users/gayatrisapra/Desktop/team3/jedit-5-6-0/build/artifacts" />
    <property name="ivy.settings.dir" value="/Users/gayatrisapra/Desktop/team3/jedit-5-6-0/build" />
    <property name="config.ivy.version" value="2.2.0" />
    <property name="sun.java.launcher.ivy.instance" value="SUN_STANDARD" />
    <property name="ivy.local.default.root.ivy.instance" value="/Users/gayatrisapra/.ivy2/local" />
    <property name="java.awt.graphicsenv.ivy.instance" value="sun.awt.CGraphicsEnvironment" />
    <property name="ivy.local.default.artifact.pattern" value="[organisation]/[module]/[revision]/[type]s/[artifact].[ext]" />
    <property name="mac.disk.image.filename" value="jedit5.6.0install.dmg" />
    <property name="java.class.version.ivy.instance" value="55.0" />
    <property name="jedit.version.final" value="true" />
    <property name="ivy.resolve.default.type.filter" value="*" />
    <property name="org.apache.tools.ant.taskdefs.optional.junit.AggregateTransformer0" value="/var/folders/0d/gxzrhr0j48jbkf1p18bk2rb00000gn/T/null1546499901" />
    <property name="sun.management.compiler.ivy.instance" value="HotSpot 64-Bit Tiered Compilers" />
    <property name="ivy.cache.ttl.default.ivy.instance" value="10s" />
    <property name="file.separator" value="/" />
    <property name="java.vm.compressedOopsMode" value="Zero based" />
    <property name="ivy.settings.dir.url" value="jar:file:/usr/local/Cellar/ant/1.10.12/libexec/lib/ivy-2.5.0.jar!/org/apache/ivy/core/settings" />
    <property name="ivy.dep.file.ivy.instance" value="ivy.xml" />
    <property name="line.separator" value="&#xa;" />
    <property name="ivy.organisation" value="org.jedit" />
    <property name="ivy.buildlist.ivyfilepath.ivy.instance" value="ivy.xml" />
    <property name="java.vm.compressedOopsMode.ivy.instance" value="Zero based" />
    <property name="src.archive.filename" value="jedit5.6.0source.tar.bz2" />
    <property name="user.name" value="gayatrisapra" />
    <property name="sun.os.patch.level.ivy.instance" value="unknown" />
    <property name="ivy.publish.src.artifacts.pattern" value="/Users/gayatrisapra/Desktop/team3/jedit-5-6-0/distrib/[type]s/[artifact]-[revision](-[classifier]).[ext]" />
    <property name="dist.dir" value="/Users/gayatrisapra/Desktop/team3/jedit-5-6-0/dist" />
    <property name="build.dir" value="/Users/gayatrisapra/Desktop/team3/jedit-5-6-0/build" />
    <property name="jedit.version" value="5.6.0" />
    <property name="ant.home" value="/usr/local/Cellar/ant/1.10.12/libexec" />
    <property name="ivy.module" value="jedit" />
    <property name="sun.os.patch.level" value="unknown" />
    <property name="ivy.report.output.pattern" value="[organisation]-[module]-[conf].[ext]" />
    <property name="ant.version" value="Apache Ant(TM) version 1.10.12 compiled on October 13 2021" />
    <property name="ivy.log.modules.in.use" value="false" />
    <property name="ivy.nb.targets.copied" value="1" />
    <property name="ivy.conf.url.ivy.instance" value="file:/Users/gayatrisapra/Desktop/team3/jedit-5-6-0/build/ivysettings.xml" />
    <property name="classes.dir" value="/Users/gayatrisapra/Desktop/team3/jedit-5-6-0/build/classes" />
    <property name="os.arch.ivy.instance" value="x86_64" />
    <property name="socksNonProxyHosts" value="local|*.local|169.254/16|*.169.254/16" />
    <property name="java.library.path.ivy.instance" value="/Users/gayatrisapra/Library/Java/Extensions:/Library/Java/Extensions:/Network/Library/Java/Extensions:/System/Library/Java/Extensions:/usr/lib/java:." />
    <property name="user.home.ivy.instance" value="/Users/gayatrisapra" />
    <property name="ivy.shared.default.artifact.pattern.ivy.instance" value="[organisation]/[module]/[revision]/[type]s/[artifact].[ext]" />
    <property name="gopherProxySet" value="false" />
    <property name="java.vendor.url.bug.ivy.instance" value="https://bugreport.java.com/bugreport/" />
    <property name="ivy.local.default.root" value="/Users/gayatrisapra/.ivy2/local" />
    <property name="java.class.path" value="/Users/gayatrisapra/Desktop/team3/jedit-5-6-0/lib/test/apiguardian-api.jar:/Users/gayatrisapra/Desktop/team3/jedit-5-6-0/lib/test/byte-buddy-agent.jar:/Users/gayatrisapra/Desktop/team3/jedit-5-6-0/lib/test/byte-buddy.jar:/Users/gayatrisapra/Desktop/team3/jedit-5-6-0/lib/test/hamcrest-core.jar:/Users/gayatrisapra/Desktop/team3/jedit-5-6-0/lib/test/hamcrest-library.jar:/Users/gayatrisapra/Desktop/team3/jedit-5-6-0/lib/test/hamcrest.jar:/Users/gayatrisapra/Desktop/team3/jedit-5-6-0/lib/test/jsr305.jar:/Users/gayatrisapra/Desktop/team3/jedit-5-6-0/lib/test/junit-jupiter-api.jar:/Users/gayatrisapra/Desktop/team3/jedit-5-6-0/lib/test/junit-platform-commons.jar:/Users/gayatrisapra/Desktop/team3/jedit-5-6-0/lib/test/junit.jar:/Users/gayatrisapra/Desktop/team3/jedit-5-6-0/lib/test/mockito-core.jar:/Users/gayatrisapra/Desktop/team3/jedit-5-6-0/lib/test/mockito-junit-jupiter.jar:/Users/gayatrisapra/Desktop/team3/jedit-5-6-0/lib/test/objenesis.jar:/Users/gayatrisapra/Desktop/team3/jedit-5-6-0/lib/test/opentest4j.jar:/Users/gayatrisapra/Desktop/team3/jedit-5-6-0/build/classes/core:/Users/gayatrisapra/Desktop/team3/jedit-5-6-0/build/classes/test:/usr/local/Cellar/ant/1.10.12/libexec/lib/ant.jar:/usr/local/Cellar/ant/1.10.12/libexec/lib/ant-junit.jar:/usr/local/Cellar/ant/1.10.12/libexec/lib/ant-junit4.jar" />
    <property name="java.vm.vendor" value="Oracle Corporation" />
    <property name="java.awt.printerjob.ivy.instance" value="sun.lwawt.macosx.CPrinterJob" />
    <property name="jEdit.keymap" value="#{{{ Function keys&#xa;help.shortcut=F1&#xa;show-context-menu.shortcut=CONTEXT_MENU&#xa;#}}}&#xa;&#xa;#{{{ C+X&#xa;select-all.shortcut=C+a&#xa;complete-word.shortcut=C+b&#xa;copy.shortcut=C+c&#xa;delete-line.shortcut=C+d&#xa;# C+e is a prefix&#xa;find.shortcut=C+f&#xa;find-next.shortcut=F3&#xa;# C+h is not usable on MacOS X&#xa;indent-lines.shortcut=C+i&#xa;join-lines.shortcut=C+j&#xa;swap-marker.shortcut=C+k&#xa;goto-line.shortcut=C+g&#xa;# C+m is a prefix&#xa;new-file.shortcut=C+n&#xa;new-file-in-mode.shortcut=CS+n&#xa;open-file.shortcut=C+o&#xa;reload.shortcut=F5&#xa;print.shortcut=C+p&#xa;exit.shortcut=C+q&#xa;# C+r is a prefix&#xa;save.shortcut=C+s&#xa;add-marker-shortcut.shortcut=C+t&#xa;select-marker.shortcut=C+u&#xa;paste.shortcut=C+v&#xa;close-buffer.shortcut=C+w&#xa;cut.shortcut=C+x&#xa;goto-marker.shortcut=C+y&#xa;undo.shortcut=C+z&#xa;unsplit-current.shortcut=C+0&#xa;unsplit.shortcut=C+1&#xa;split-horizontal.shortcut=C+2&#xa;split-vertical.shortcut=C+3&#xa;resplit.shortcut=C+4&#xa;#}}}&#xa;&#xa;#{{{ C+non-alpha&#xa;delete-start-line.shortcut=CS+BACK_SPACE&#xa;delete-end-line.shortcut=CS+DELETE&#xa;prev-paragraph.shortcut=C+UP&#xa;next-paragraph.shortcut=C+DOWN&#xa;select-prev-paragraph.shortcut=CS+UP&#xa;select-next-paragraph.shortcut=CS+DOWN&#xa;backspace-word.shortcut=C+BACK_SPACE&#xa;delete-word.shortcut=C+DELETE&#xa;document-home.shortcut=C+HOME&#xa;document-end.shortcut=C+END&#xa;select-document-home.shortcut=CS+HOME&#xa;select-document-end.shortcut=CS+END&#xa;prev-word.shortcut=C+LEFT&#xa;select-prev-word.shortcut=CS+LEFT&#xa;next-word.shortcut=C+RIGHT&#xa;select-next-word.shortcut=CS+RIGHT&#xa;action-bar.shortcut=C+ENTER&#xa;prev-buffer.shortcut=C+PAGE_UP&#xa;next-buffer.shortcut=C+PAGE_DOWN&#xa;last-action.shortcut=C+SPACE&#xa;&#xa;recent-buffer.shortcut=C+BACK_QUOTE&#xa;select-block.shortcut=C+OPEN_BRACKET&#xa;match-bracket.shortcut=C+CLOSE_BRACKET&#xa;expand-abbrev.shortcut=C+SEMICOLON&#xa;quick-search.shortcut=C+COMMA&#xa;hypersearch.shortcut=C+PERIOD&#xa;scroll-up-line.shortcut=C+QUOTE&#xa;scroll-down-line.shortcut=C+SLASH&#xa;toggle-multi-select.shortcut=C+BACK_SLASH&#xa;#}}}&#xa;&#xa;#{{{ C+e C+X&#xa;# Unused: f, h, q, y&#xa;copy-append.shortcut=C+e C+a&#xa;search-in-open-buffers.shortcut=C+e C+b&#xa;range-comment.shortcut=C+e C+c&#xa;search-in-directory.shortcut=C+e C+d&#xa;replace-and-find-next.shortcut=C+e C+g&#xa;ignore-case.shortcut=C+e C+i&#xa;scroll-to-current-line.shortcut=C+e C+j&#xa;line-comment.shortcut=C+e C+k&#xa;select-line-range.shortcut=C+e C+l&#xa;add-marker.shortcut=C+e C+m&#xa;center-caret.shortcut=C+e C+n&#xa;scroll-and-center.shortcut=C+l&#xa;open-path.shortcut=C+e C+o&#xa;vertical-paste.shortcut=C+e C+p&#xa;replace-in-selection.shortcut=C+e C+r&#xa;save-all.shortcut=C+e C+s&#xa;toggle-line-numbers.shortcut=C+e C+t&#xa;cut-append.shortcut=C+e C+u&#xa;paste-previous.shortcut=C+e C+v&#xa;close-all.shortcut=C+e C+w&#xa;regexp.shortcut=C+e C+x&#xa;paste-deleted.shortcut=C+e C+y&#xa;redo.shortcut=C+e C+z&#xa;#}}}&#xa;&#xa;#{{{ C+e C+non-alpha&#xa;left-docking-area.shortcut=C+e C+LEFT&#xa;top-docking-area.shortcut=C+e C+UP&#xa;right-docking-area.shortcut=C+e C+RIGHT&#xa;bottom-docking-area.shortcut=C+e C+DOWN&#xa;toggle-full-screen.shortcut=F11&#xa;toggle-dock-areas.shortcut=F12&#xa;combined-options.shortcut=C+F12&#xa;prev-marker.shortcut=C+e C+COMMA&#xa;next-marker.shortcut=C+e C+PERIOD&#xa;prev-bracket.shortcut=C+e C+OPEN_BRACKET&#xa;next-bracket.shortcut=C+e C+CLOSE_BRACKET&#xa;close-docking-area.shortcut=C+e C+BACK_QUOTE&#xa;#}}}&#xa;&#xa;#{{{ C+e X&#xa;# Unused: b e g h j k m o q t y z&#xa;add-explicit-fold.shortcut=C+e a&#xa;collapse-all-folds.shortcut=C+e c&#xa;delete-paragraph.shortcut=C+e d&#xa;format-paragraph.shortcut=C+e f&#xa;find-previous.shortcut=C+e g&#xa;invert-selection.shortcut=C+e i&#xa;select-line.shortcut=C+e l&#xa;narrow-to-fold.shortcut=C+e n n&#xa;narrow-to-selection.shortcut=C+e n s&#xa;select-paragraph.shortcut=C+e p&#xa;remove-trailing-ws.shortcut=C+e r&#xa;select-fold.shortcut=C+e s&#xa;insert-literal.shortcut=C+e v&#xa;select-word.shortcut=C+e w&#xa;parent-fold.shortcut=C+e u&#xa;expand-all-folds.shortcut=C+e x&#xa;#}}}&#xa;&#xa;#{{{ C+e non-alpha&#xa;expand-folds.shortcut=C+e ENTER&#xa;#}}}&#xa;&#xa;#{{{ C+m C+X&#xa;record-temp-macro.shortcut=C+m C+m&#xa;run-temp-macro.shortcut=C+m C+p&#xa;record-macro.shortcut=C+m C+r&#xa;stop-recording.shortcut=C+m C+s&#xa;last-macro.shortcut=C+m C+l&#xa;#}}}&#xa;&#xa;#{{{ C+r C+X&#xa;copy-append-string-register.shortcut=C+r C+a&#xa;copy-string-register.shortcut=C+r C+c&#xa;clear-register.shortcut=C+r C+l&#xa;vertical-paste-string-register.shortcut=C+r C+p&#xa;cut-append-string-register.shortcut=C+r C+u&#xa;paste-string-register.shortcut=C+r C+v&#xa;cut-string-register.shortcut=C+r C+x&#xa;#}}}&#xa;&#xa;#{{{ A+non-alpha&#xa;prev-fold.shortcut=A+UP&#xa;next-fold.shortcut=A+DOWN&#xa;shift-left.shortcut=A+LEFT&#xa;shift-right.shortcut=A+RIGHT&#xa;collapse-fold.shortcut=A+BACK_SPACE&#xa;expand-fold.shortcut=AS+ENTER&#xa;expand-one-level.shortcut=A+ENTER&#xa;quick-search-word.shortcut=A+COMMA&#xa;hypersearch-word.shortcut=A+PERIOD&#xa;scroll-up-page.shortcut=A+QUOTE&#xa;scroll-down-page.shortcut=A+SLASH&#xa;prev-textarea.shortcut=A+PAGE_UP&#xa;next-textarea.shortcut=A+PAGE_DOWN&#xa;&#xa;focus-buffer-switcher.shortcut=A+BACK_QUOTE&#xa;toggle-rect-select.shortcut=A+BACK_SLASH&#xa;#}}}&#xa;&#xa;#{{{ Other keys&#xa;shift-left.shortcut2=S+TAB&#xa;select-none.shortcut=ESCAPE&#xa;backspace.shortcut=BACK_SPACE&#xa;delete.shortcut=DELETE&#xa;overwrite.shortcut=INSERT&#xa;home.shortcut=HOME&#xa;end.shortcut=END&#xa;select-home.shortcut=S+HOME&#xa;select-end.shortcut=S+END&#xa;prev-page.shortcut=PAGE_UP&#xa;next-page.shortcut=PAGE_DOWN&#xa;select-prev-page.shortcut=S+PAGE_UP&#xa;select-next-page.shortcut=S+PAGE_DOWN&#xa;prev-char.shortcut=LEFT&#xa;select-prev-char.shortcut=S+LEFT&#xa;next-char.shortcut=RIGHT&#xa;select-next-char.shortcut=S+RIGHT&#xa;prev-line.shortcut=UP&#xa;select-prev-line.shortcut=S+UP&#xa;next-line.shortcut=DOWN&#xa;select-next-line.shortcut=S+DOWN&#xa;insert-newline-indent.shortcut=ENTER&#xa;insert-newline.shortcut=S+ENTER&#xa;insert-tab-indent.shortcut=TAB&#xa;#}}}&#xa;&#xa;#{{{ Alternative shortcuts for frequently-used commands&#xa;select-next-page.shortcut2=AS+a&#xa;select-prev-line.shortcut2=AS+i&#xa;select-prev-char.shortcut2=AS+j&#xa;select-next-line.shortcut2=AS+k&#xa;select-next-char.shortcut2=AS+l&#xa;select-prev-page.shortcut2=AS+q&#xa;select-end.shortcut2=AS+x&#xa;select-home.shortcut2=AS+z&#xa;copy.shortcut2=C+INSERT&#xa;paste.shortcut2=S+INSERT&#xa;cut.shortcut2=S+DELETE&#xa;#}}}&#xa;&#xa;#{{{ VFS browser&#xa;vfs.browser.delete.shortcut=DELETE&#xa;vfs.browser.home.shortcut=~&#xa;vfs.browser.new-directory.shortcut=INSERT&#xa;vfs.browser.new-file.shortcut=C+n&#xa;vfs.browser.reload.shortcut=F5&#xa;vfs.browser.rename.shortcut=F2&#xa;vfs.browser.roots.shortcut=/&#xa;vfs.browser.synchronize.shortcut=-&#xa;vfs.browser.up.shortcut=A+Up&#xa;vfs.browser.previous.shortcut=A+Left&#xa;vfs.browser.next.shortcut=A+Right&#xa;#}}}&#xa;" />
    <property name="java.vendor.ivy.instance" value="Oracle Corporation" />
    <property name="ivy.project.dir.ivy.instance" value="/Users/gayatrisapra/Desktop/team3/jedit-5-6-0" />
    <property name="config.build.deprecation" value="true" />
    <property name="ivy.status.ivy.instance" value="integration" />
    <property name="user.country" value="US" />
    <property name="sun.java.launcher" value="SUN_STANDARD" />
    <property name="jedit.build.number" value="05.06.99.00" />
    <property name="ivy.retrieve.pattern" value="/Users/gayatrisapra/Desktop/team3/jedit-5-6-0/lib/[conf]/[artifact](-[classifier]).[ext]" />
    <property name="sun.cpu.endian" value="little" />
    <property name="user.language" value="en" />
    <property name="ivy.checksums.ivy.instance" value="sha1,md5" />
    <property name="config.dist.dir" value="dist" />
    <property name="ivy.home.ivy.instance" value="/Users/gayatrisapra/.ivy2" />
    <property name="user.name.ivy.instance" value="gayatrisapra" />
    <property name="ant.java.version" value="11" />
    <property name="ivy.conf.file.ivy.instance" value="/Users/gayatrisapra/Desktop/team3/jedit-5-6-0/build/ivysettings.xml" />
    <property name="ivy.basedir" value="/Users/gayatrisapra/Desktop/team3/jedit-5-6-0" />
    <property name="http.nonProxyHosts.ivy.instance" value="local|*.local|169.254/16|*.169.254/16" />
    <property name="java.vm.vendor.ivy.instance" value="Oracle Corporation" />
    <property name="ant.home.ivy.instance" value="/usr/local/Cellar/ant/1.10.12/libexec" />
    <property name="ivy.cache.ttl.default" value="10s" />
    <property name="java.vm.name.ivy.instance" value="Java HotSpot(TM) 64-Bit Server VM" />
    <property name="jedit.plugins.artifact.patterns" value="&lt;artifact pattern=&quot;jar:http://ayera.dl.sourceforge.net/project/jedit-plugins/[artifact]/[revision]/[artifact]-[revision]-bin.zip!/[artifact].jar&quot; /&gt;&#xa;&lt;artifact pattern=&quot;jar:http://cfhcable.dl.sourceforge.net/project/jedit-plugins/[artifact]/[revision]/[artifact]-[revision]-bin.zip!/[artifact].jar&quot; /&gt;&#xa;&lt;artifact pattern=&quot;jar:http://deac-ams.dl.sourceforge.net/project/jedit-plugins/[artifact]/[revision]/[artifact]-[revision]-bin.zip!/[artifact].jar&quot; /&gt;&#xa;&lt;artifact pattern=&quot;jar:http://deac-fra.dl.sourceforge.net/project/jedit-plugins/[artifact]/[revision]/[artifact]-[revision]-bin.zip!/[artifact].jar&quot; /&gt;&#xa;&lt;artifact pattern=&quot;jar:http://deac-riga.dl.sourceforge.net/project/jedit-plugins/[artifact]/[revision]/[artifact]-[revision]-bin.zip!/[artifact].jar&quot; /&gt;&#xa;&lt;artifact pattern=&quot;jar:http://freefr.dl.sourceforge.net/project/jedit-plugins/[artifact]/[revision]/[artifact]-[revision]-bin.zip!/[artifact].jar&quot; /&gt;&#xa;&lt;artifact pattern=&quot;jar:http://gigenet.dl.sourceforge.net/project/jedit-plugins/[artifact]/[revision]/[artifact]-[revision]-bin.zip!/[artifact].jar&quot; /&gt;&#xa;&lt;artifact pattern=&quot;jar:http://iweb.dl.sourceforge.net/project/jedit-plugins/[artifact]/[revision]/[artifact]-[revision]-bin.zip!/[artifact].jar&quot; /&gt;&#xa;&lt;artifact pattern=&quot;jar:http://jaist.dl.sourceforge.net/project/jedit-plugins/[artifact]/[revision]/[artifact]-[revision]-bin.zip!/[artifact].jar&quot; /&gt;&#xa;&lt;artifact pattern=&quot;jar:http://jztkft.dl.sourceforge.net/project/jedit-plugins/[artifact]/[revision]/[artifact]-[revision]-bin.zip!/[artifact].jar&quot; /&gt;&#xa;&lt;artifact pattern=&quot;jar:http://kumisystems.dl.sourceforge.net/project/jedit-plugins/[artifact]/[revision]/[artifact]-[revision]-bin.zip!/[artifact].jar&quot; /&gt;&#xa;&lt;artifact pattern=&quot;jar:http://managedway.dl.sourceforge.net/project/jedit-plugins/[artifact]/[revision]/[artifact]-[revision]-bin.zip!/[artifact].jar&quot; /&gt;&#xa;&lt;artifact pattern=&quot;jar:http://nchc.dl.sourceforge.net/project/jedit-plugins/[artifact]/[revision]/[artifact]-[revision]-bin.zip!/[artifact].jar&quot; /&gt;&#xa;&lt;artifact pattern=&quot;jar:http://netactuate.dl.sourceforge.net/project/jedit-plugins/[artifact]/[revision]/[artifact]-[revision]-bin.zip!/[artifact].jar&quot; /&gt;&#xa;&lt;artifact pattern=&quot;jar:http://netcologne.dl.sourceforge.net/project/jedit-plugins/[artifact]/[revision]/[artifact]-[revision]-bin.zip!/[artifact].jar&quot; /&gt;&#xa;&lt;artifact pattern=&quot;jar:http://netix.dl.sourceforge.net/project/jedit-plugins/[artifact]/[revision]/[artifact]-[revision]-bin.zip!/[artifact].jar&quot; /&gt;&#xa;&lt;artifact pattern=&quot;jar:http://phoenixnap.dl.sourceforge.net/project/jedit-plugins/[artifact]/[revision]/[artifact]-[revision]-bin.zip!/[artifact].jar&quot; /&gt;&#xa;&lt;artifact pattern=&quot;jar:http://pilotfiber.dl.sourceforge.net/project/jedit-plugins/[artifact]/[revision]/[artifact]-[revision]-bin.zip!/[artifact].jar&quot; /&gt;&#xa;&lt;artifact pattern=&quot;jar:http://razaoinfo.dl.sourceforge.net/project/jedit-plugins/[artifact]/[revision]/[artifact]-[revision]-bin.zip!/[artifact].jar&quot; /&gt;&#xa;&lt;artifact pattern=&quot;jar:http://tenet.dl.sourceforge.net/project/jedit-plugins/[artifact]/[revision]/[artifact]-[revision]-bin.zip!/[artifact].jar&quot; /&gt;&#xa;&lt;artifact pattern=&quot;jar:http://udomain.dl.sourceforge.net/project/jedit-plugins/[artifact]/[revision]/[artifact]-[revision]-bin.zip!/[artifact].jar&quot; /&gt;&#xa;&lt;artifact pattern=&quot;jar:http://ufpr.dl.sourceforge.net/project/jedit-plugins/[artifact]/[revision]/[artifact]-[revision]-bin.zip!/[artifact].jar&quot; /&gt;&#xa;&lt;artifact pattern=&quot;jar:http://versaweb.dl.sourceforge.net/project/jedit-plugins/[artifact]/[revision]/[artifact]-[revision]-bin.zip!/[artifact].jar&quot; /&gt;&#xa;&lt;artifact pattern=&quot;jar:http://vorboss.dl.sourceforge.net/project/jedit-plugins/[artifact]/[revision]/[artifact]-[revision]-bin.zip!/[artifact].jar&quot; /&gt;&#xa;" />
    <property name="ivy.resolver.default.check.modified.ivy.instance" value="false" />
    <property name="java.specification.vendor.ivy.instance" value="Oracle Corporation" />
    <property name="ivy.configurations" value="*" />
    <property name="polyglot.js.nashorn-compat.ivy.instance" value="true" />
    <property name="ftp.nonProxyHosts" value="local|*.local|169.254/16|*.169.254/16" />
    <property name="ivy.default.always.check.exact.revision" value="false" />
    <property name="java.runtime.name" value="Java(TM) SE Runtime Environment" />
    <property name="ivy.distrib.dir.ivy.instance" value="/Users/gayatrisapra/Desktop/team3/jedit-5-6-0/distrib" />
    <property name="ant.project.invoked-targets" value="retrieve,build,run" />
    <property name="ant.core.lib" value="/usr/local/Cellar/ant/1.10.12/libexec/lib/ant.jar" />
    <property name="java.vendor.url.bug" value="https://bugreport.java.com/bugreport/" />
    <property name="user.dir" value="/Users/gayatrisapra/Desktop/team3/jedit-5-6-0" />
    <property name="ivy.done" value="true" />
    <property name="config.build.dir" value="build" />
    <property name="path.separator.ivy.instance" value=":" />
    <property name="ivy.local.default.ivy.pattern.ivy.instance" value="[organisation]/[module]/[revision]/[type]s/[artifact].[ext]" />
    <property name="ivy.report.output.pattern.ivy.instance" value="[organisation]-[module]-[conf].[ext]" />
    <property name="java.vm.version" value="11.0.13+10-LTS-370" />
    <property name="ivy.targets.copied" value="true" />
    <property name="ivy.log.modules.in.use.ivy.instance" value="false" />
    <property name="ivy.resolver.default.check.modified" value="false" />
    <property name="dist.jar.filename" value="jedit5.6.0install.jar" />
    <property name="java.home.ivy.instance" value="/Library/Java/JavaVirtualMachines/jdk-11.0.13.jdk/Contents/Home" />
    <property name="ivy.shared.default.artifact.pattern" value="[organisation]/[module]/[revision]/[type]s/[artifact].[ext]" />
    <property name="ivy.settings.url" value="file:/Users/gayatrisapra/Desktop/team3/jedit-5-6-0/build/ivysettings.xml" />
    <property name="ivy.build.artifacts.dir" value="/Users/gayatrisapra/Desktop/team3/jedit-5-6-0/build/artifacts" />
    <property name="ivy.resolved.configurations" value="default, master, compile, runtime, test, provided, sources, javadoc, ant-contrib, docbook, fop, launch4j, scripting, default-plugins, appbundler" />
    <property name="ivy.conf.url" value="file:/Users/gayatrisapra/Desktop/team3/jedit-5-6-0/build/ivysettings.xml" />
  </properties>
  <testcase classname="org.gjt.sp.util.HtmlUtilitiesTest" name="style2htmlBoldItalic2" time="1.286" />
  <testcase classname="org.gjt.sp.util.HtmlUtilitiesTest" name="parseHighlightStyleItalic" time="0.001" />
  <testcase classname="org.gjt.sp.util.HtmlUtilitiesTest" name="highlightString" time="0.0" />
  <testcase classname="org.gjt.sp.util.HtmlUtilitiesTest" name="parseHighlightStyleBoldItalic2" time="0.0" />
  <testcase classname="org.gjt.sp.util.HtmlUtilitiesTest" name="style2htmlBoldItalic" time="0.0" />
  <testcase classname="org.gjt.sp.util.HtmlUtilitiesTest" name="parseHighlightStyleBoldItalic" time="0.0" />
  <testcase classname="org.gjt.sp.util.HtmlUtilitiesTest" name="parseHighlightStyle" time="0.001" />
  <testcase classname="org.gjt.sp.util.HtmlUtilitiesTest" name="parseHighlightStyleBold" time="0.001" />
  <testcase classname="org.gjt.sp.util.HtmlUtilitiesTest" name="parseHighlightStyleFail" time="0.001" />
  <testcase classname="org.gjt.sp.util.HtmlUtilitiesTest" name="appendString2html" time="0.001" />
  <testcase classname="org.gjt.sp.util.HtmlUtilitiesTest" name="parseHighlightStyleFail2" time="0.001" />
  <system-out><![CDATA[]]></system-out>
  <system-err><![CDATA[]]></system-err>
</testsuite>
